<?xml version="1.0" encoding="UTF-8"?>
<!-- Generated by org.testng.reporters.JUnitReportReporter -->
<testsuite hostname="DESKTOP-PH7EFI9" failures="0" tests="1" name="com.skitech.testCases.EnquiryFormTestCase" time="17.323" errors="0" timestamp="2025-06-13T12:53:30 IST" skipped="0">
  <testcase classname="com.skitech.testCases.EnquiryFormTestCase" name="TC_Create_Enquiry" time="17.323"/>
</testsuite> <!-- com.skitech.testCases.EnquiryFormTestCase -->
