<?xml version="1.0" encoding="UTF-8"?>
<!-- Generated by org.testng.reporters.JUnitReportReporter -->
<testsuite hostname="DESKTOP-PH7EFI9" failures="0" tests="80" name="com.skitech.testCases.ManagQLateralStudProfTestCases" time="1143.876" errors="0" timestamp="2025-08-14T12:42:21 IST" skipped="0">
  <testcase classname="com.skitech.testCases.ManagQLateralStudProfTestCases" name="TC_MQLSP_011_Verify_sending_6_digit_code_with_valid_email" time="34.474"/>
  <system-out/>
  <testcase classname="com.skitech.testCases.ManagQLateralStudProfTestCases" name="TC_MQLSP_012_Verify_sending_6_digit_code_fails_if_email_is_not_recognized" time="6.442"/>
  <system-out/>
  <testcase classname="com.skitech.testCases.ManagQLateralStudProfTestCases" name="TC_MQLSP_013_Verify_student_profile_signin_with_invalid_OTP" time="10.679"/>
  <system-out/>
  <testcase classname="com.skitech.testCases.ManagQLateralStudProfTestCases" name="TC_MQLSP_014_Verify_student_profile_account_signin_with_expired_OTP" time="73.541"/>
  <system-out/>
  <testcase classname="com.skitech.testCases.ManagQLateralStudProfTestCases" name="TC_MQLSP_015_Verify_Resend_Code_in_sign_in_screen" time="8.258"/>
  <system-out/>
  <testcase classname="com.skitech.testCases.ManagQLateralStudProfTestCases" name="TC_MQLSP_016_Verify_Go_back_in_sign_in_screen" time="10.302"/>
  <system-out/>
  <testcase classname="com.skitech.testCases.ManagQLateralStudProfTestCases" name="TC_MQLSP_017_Verify_student_profile_account_signin_with_valid_OTP" time="10.340"/>
  <system-out/>
  <testcase classname="com.skitech.testCases.ManagQLateralStudProfTestCases" name="TC_MQLSP_018_Verify_personal_details_tab" time="0.167"/>
  <system-out/>
  <testcase classname="com.skitech.testCases.ManagQLateralStudProfTestCases" name="TC_MQLSP_019_Verify_mandatory_alerts_in_add_personal_details_tab" time="5.932"/>
  <system-out/>
  <testcase classname="com.skitech.testCases.ManagQLateralStudProfTestCases" name="TC_MQLSP_020_Verify_add_personal_details" time="13.653"/>
  <system-out/>
  <testcase classname="com.skitech.testCases.ManagQLateralStudProfTestCases" name="TC_MQLSP_021_Verify_add_personal_details_with_invalid_data" time="4.148"/>
  <system-out/>
  <testcase classname="com.skitech.testCases.ManagQLateralStudProfTestCases" name="TC_MQLSP_025_Verify_upload_physically_challenged_and_income_certificate_with_invalid_file_types" time="5.825"/>
  <system-out/>
  <testcase classname="com.skitech.testCases.ManagQLateralStudProfTestCases" name="TC_MQLSP_027_Verify_upload_physically_challenged_income_certificate_with_file_size_more_than_5mb" time="5.585"/>
  <system-out/>
  <testcase classname="com.skitech.testCases.ManagQLateralStudProfTestCases" name="TC_MQLSP_028_Verify_personal_details_go_to_home_button" time="3.783"/>
  <system-out/>
  <testcase classname="com.skitech.testCases.ManagQLateralStudProfTestCases" name="TC_MQLSP_029_Verify_next_step_in_personal_details_tab" time="4.311"/>
  <system-out/>
  <testcase classname="com.skitech.testCases.ManagQLateralStudProfTestCases" name="TC_MQLSP_030_Verify_academic_details_tab" time="0.115"/>
  <system-out/>
  <testcase classname="com.skitech.testCases.ManagQLateralStudProfTestCases" name="TC_MQLSP_031_Verify_mandatory_alerts_in_add_academic_details_tab" time="4.209"/>
  <system-out/>
  <testcase classname="com.skitech.testCases.ManagQLateralStudProfTestCases" name="TC_MQLSP_032_Verify_add_academic_details_with_invalid_data" time="8.728"/>
  <system-out/>
  <testcase classname="com.skitech.testCases.ManagQLateralStudProfTestCases" name="TC_MQLSP_033_Verify_add_academic_details_with_10th_HSC1_Diploma" time="93.017"/>
  <system-out/>
  <testcase classname="com.skitech.testCases.ManagQLateralStudProfTestCases" name="TC_MQLSP_034_Verify_add_academic_details_with_10th_HSC1_HSC2_Diploma" time="33.739"/>
  <system-out/>
  <testcase classname="com.skitech.testCases.ManagQLateralStudProfTestCases" name="TC_MQLSP_035_Verify_add_academic_details_with_10th_Diploma" time="7.042"/>
  <system-out/>
  <testcase classname="com.skitech.testCases.ManagQLateralStudProfTestCases" name="TC_MQLSP_036_Verify_add_academic_details_with_Diploma_Course_Type_Lateral" time="28.565"/>
  <system-out/>
  <testcase classname="com.skitech.testCases.ManagQLateralStudProfTestCases" name="TC_MQLSP_037_Verify_add_academic_details_with_diploma_course_type_sandwich_7_semesters" time="36.399"/>
  <system-out/>
  <testcase classname="com.skitech.testCases.ManagQLateralStudProfTestCases" name="TC_MQLSP_038_Verify_add_academic_details_with_diploma_course_type_sandwich_8_semesters" time="38.966"/>
  <system-out/>
  <testcase classname="com.skitech.testCases.ManagQLateralStudProfTestCases" name="TC_MQLSP_039_Verify_add_academic_details_with_diploma_course_type_sandwich_lateral_7_semesters" time="30.557"/>
  <system-out/>
  <testcase classname="com.skitech.testCases.ManagQLateralStudProfTestCases" name="TC_MQLSP_040_Verify_add_academic_details_with_diploma_course_type_sandwich_lateral_8_semesters" time="32.742"/>
  <system-out/>
  <testcase classname="com.skitech.testCases.ManagQLateralStudProfTestCases" name="TC_MQLSP_041_Verify_add_academic_details_by_uploading_invalid_file_types" time="6.494"/>
  <system-out/>
  <testcase classname="com.skitech.testCases.ManagQLateralStudProfTestCases" name="TC_MQLSP_042_Verify_Upload_mark_sheet_document_more_than_5_mb" time="3.058"/>
  <system-out/>
  <testcase classname="com.skitech.testCases.ManagQLateralStudProfTestCases" name="TC_MQLSP_043_Verify_academic_details_Go_to_Home" time="3.918"/>
  <system-out/>
  <testcase classname="com.skitech.testCases.ManagQLateralStudProfTestCases" name="TC_MQLSP_045_Verify_family_details_tab" time="2.375"/>
  <system-out/>
  <testcase classname="com.skitech.testCases.ManagQLateralStudProfTestCases" name="TC_MQLSP_046_Verify_mandatory_field_alert_in_add_family_details_tab" time="11.610"/>
  <system-out/>
  <testcase classname="com.skitech.testCases.ManagQLateralStudProfTestCases" name="TC_MQLSP_047_Verify_add_family_details_with_invalid_data" time="22.728"/>
  <system-out/>
  <testcase classname="com.skitech.testCases.ManagQLateralStudProfTestCases" name="TC_MQLSP_048_Verify_add_family_details_with_family_type_as_with_parents" time="36.166"/>
  <system-out/>
  <testcase classname="com.skitech.testCases.ManagQLateralStudProfTestCases" name="TC_MQLSP_049_Verify_add_family_details_with_family_type_as_single_parent_with_mother" time="8.907"/>
  <system-out/>
  <testcase classname="com.skitech.testCases.ManagQLateralStudProfTestCases" name="TC_MQLSP_050_Verify_add_family_details_with_family_type_as_single_parent_with_father" time="8.608"/>
  <system-out/>
  <testcase classname="com.skitech.testCases.ManagQLateralStudProfTestCases" name="TC_MQLSP_051_Verify_add_family_details_with_family_type_as_with_guardian" time="17.762"/>
  <system-out/>
  <testcase classname="com.skitech.testCases.ManagQLateralStudProfTestCases" name="TC_MQLSP_056_Verify_mandatory_fields_in_siblings" time="13.568"/>
  <system-out/>
  <testcase classname="com.skitech.testCases.ManagQLateralStudProfTestCases" name="TC_MQLSP_057_Verify_add_sibling_with_invalid_data" time="10.344"/>
  <system-out/>
  <testcase classname="com.skitech.testCases.ManagQLateralStudProfTestCases" name="TC_MQLSP_058_Verify_add_sibling_with_valid_data" time="23.113"/>
  <system-out/>
  <testcase classname="com.skitech.testCases.ManagQLateralStudProfTestCases" name="TC_MQLSP_059_Verify_add_another_sibling" time="35.101"/>
  <system-out/>
  <testcase classname="com.skitech.testCases.ManagQLateralStudProfTestCases" name="TC_MQLSP_061_Verify_update_siblings" time="25.712"/>
  <system-out/>
  <testcase classname="com.skitech.testCases.ManagQLateralStudProfTestCases" name="TC_MQLSP_062_Verify_remove_siblings" time="8.542"/>
  <system-out/>
  <testcase classname="com.skitech.testCases.ManagQLateralStudProfTestCases" name="TC_MQLSP_064_Verify_Go_To_Home_Button_in_family_details" time="6.392"/>
  <system-out/>
  <testcase classname="com.skitech.testCases.ManagQLateralStudProfTestCases" name="TC_MQLSP_065_Verify_address_details_tab" time="2.542"/>
  <system-out/>
  <testcase classname="com.skitech.testCases.ManagQLateralStudProfTestCases" name="TC_MQLSP_066_Verify_mandatory_fields_in_address_details_tab" time="4.558"/>
  <system-out/>
  <testcase classname="com.skitech.testCases.ManagQLateralStudProfTestCases" name="TC_MQLSP_067_Verify_address_details_with_invalid_data" time="8.657"/>
  <system-out/>
  <testcase classname="com.skitech.testCases.ManagQLateralStudProfTestCases" name="TC_MQLSP_068_Verify_add_address_details" time="19.650"/>
  <system-out/>
  <testcase classname="com.skitech.testCases.ManagQLateralStudProfTestCases" name="TC_MQLSP_069_Verify_Communication_address_is_same_as_permanent_address" time="8.673"/>
  <system-out/>
  <testcase classname="com.skitech.testCases.ManagQLateralStudProfTestCases" name="TC_MQLSP_070_Verify_go_to_home_in_address_details" time="6.346"/>
  <system-out/>
  <testcase classname="com.skitech.testCases.ManagQLateralStudProfTestCases" name="TC_MQLSP_072_Verify_Admission_Details_tab" time="2.432"/>
  <system-out/>
  <testcase classname="com.skitech.testCases.ManagQLateralStudProfTestCases" name="TC_MQLSP_073_Verify_admission_details_tab_mandatory_fields" time="3.272"/>
  <system-out/>
  <testcase classname="com.skitech.testCases.ManagQLateralStudProfTestCases" name="TC_MQLSP_074_Verify_add_admission_details_with_invalid_data" time="5.483"/>
  <system-out/>
  <testcase classname="com.skitech.testCases.ManagQLateralStudProfTestCases" name="TC_MQLSP_075_Verify_add_admission_details_with_valid_data" time="9.872"/>
  <system-out/>
  <testcase classname="com.skitech.testCases.ManagQLateralStudProfTestCases" name="TC_MQLSP_076_Verify_add_admission_details_with_dayscholar_college_transport" time="9.901"/>
  <system-out/>
  <testcase classname="com.skitech.testCases.ManagQLateralStudProfTestCases" name="TC_MQLSP_077_Verify_add_admission_details_with_dayscholar_for_personal_transport_for_two_wheeler" time="9.013"/>
  <system-out/>
  <testcase classname="com.skitech.testCases.ManagQLateralStudProfTestCases" name="TC_MQLSP_078_Verify_add_admission_details_with_dayscholar_for_personal_transport_for_four_wheeler" time="7.974"/>
  <system-out/>
  <testcase classname="com.skitech.testCases.ManagQLateralStudProfTestCases" name="TC_MQLSP_079_Verify_add_admission_details_with_dayscholar_for_personal_transport_for_Pickup_and_Drop_by_Parents" time="7.427"/>
  <system-out/>
  <testcase classname="com.skitech.testCases.ManagQLateralStudProfTestCases" name="TC_MQLSP_080_Verify_add_admission_details_with_dayscholar_public_transport" time="7.500"/>
  <system-out/>
  <testcase classname="com.skitech.testCases.ManagQLateralStudProfTestCases" name="TC_MQLSP_081_Verify_upload_consortium_application_with_invalid_file_type" time="4.592"/>
  <system-out/>
  <testcase classname="com.skitech.testCases.ManagQLateralStudProfTestCases" name="TC_MQLSP_082_Verify_upload_consortium_application_with_more_than_5mb_file" time="1.205"/>
  <system-out/>
  <testcase classname="com.skitech.testCases.ManagQLateralStudProfTestCases" name="TC_MQLSP_083_Verify_upload_consortium_application_with_valid_file_type" time="4.264"/>
  <system-out/>
  <testcase classname="com.skitech.testCases.ManagQLateralStudProfTestCases" name="TC_MQLSP_084_Verify_upload_RC_and_License_for_two_wheeler_with_valid_file" time="13.652"/>
  <system-out/>
  <testcase classname="com.skitech.testCases.ManagQLateralStudProfTestCases" name="TC_MQLSP_085_Verify_upload_RC_and_License_for_two_wheeler_with_invalid_file" time="7.462"/>
  <system-out/>
  <testcase classname="com.skitech.testCases.ManagQLateralStudProfTestCases" name="TC_MQLSP_086_Verify_upload_RC_and_License_for_two_wheeler_with_more_than_5_mb" time="4.367"/>
  <system-out/>
  <testcase classname="com.skitech.testCases.ManagQLateralStudProfTestCases" name="TC_MQLSP_087_Verify_upload_RC_and_License_for_four_wheeler_with_valid_file" time="8.853"/>
  <system-out/>
  <testcase classname="com.skitech.testCases.ManagQLateralStudProfTestCases" name="TC_MQLSP_088_Verify_upload_RC_and_License_for_four_wheeler_with_invalid_file" time="7.650"/>
  <system-out/>
  <testcase classname="com.skitech.testCases.ManagQLateralStudProfTestCases" name="TC_MQLSP_089_Verify_upload_RC_and_License_for_four_wheeler_with_more_than_5_mb" time="4.349"/>
  <system-out/>
  <testcase classname="com.skitech.testCases.ManagQLateralStudProfTestCases" name="TC_MQLSP_090_Verify_add_admission_details_with_go_to_Home" time="4.139"/>
  <system-out/>
  <testcase classname="com.skitech.testCases.ManagQLateralStudProfTestCases" name="TC_MQLSP_092_Verify_Documents_details_tab" time="2.640"/>
  <system-out/>
  <testcase classname="com.skitech.testCases.ManagQLateralStudProfTestCases" name="TC_MQLSP_095_Verify_mandatory_alerts_in_document_details_tab" time="2.403"/>
  <system-out/>
  <testcase classname="com.skitech.testCases.ManagQLateralStudProfTestCases" name="TC_MQLSP_097_Verify_Upload_columns_by_uploading_invalid_file_type_for_all_documents_sections" time="18.007"/>
  <system-out/>
  <testcase classname="com.skitech.testCases.ManagQLateralStudProfTestCases" name="TC_MQLSP_098_Verify_Upload_columns_by_uploading_more_than_5mb" time="19.081"/>
  <system-out/>
  <testcase classname="com.skitech.testCases.ManagQLateralStudProfTestCases" name="TC_MQLSP_099_Verify_Upload_valid_file_in_all_document_sections_in_document_tab" time="19.166"/>
  <system-out/>
  <testcase classname="com.skitech.testCases.ManagQLateralStudProfTestCases" name="TC_MQLSP_0100_Verify_view_all_document_sections_in_document_tab" time="37.403"/>
  <system-out/>
  <testcase classname="com.skitech.testCases.ManagQLateralStudProfTestCases" name="TC_MQLSP_101_Verify_remove_documents_in_all_document_sections" time="18.557"/>
  <system-out/>
  <testcase classname="com.skitech.testCases.ManagQLateralStudProfTestCases" name="TC_MQLSP_102_Verify_previous_step_in_documents_tab" time="3.155"/>
  <system-out/>
  <testcase classname="com.skitech.testCases.ManagQLateralStudProfTestCases" name="TC_MQLSP_103_Verify_go_to_home_in_documents_tab" time="23.530"/>
  <system-out/>
  <testcase classname="com.skitech.testCases.ManagQLateralStudProfTestCases" name="TC_MQLSP_104_Verify_preview_tab_sections" time="4.845"/>
  <system-out/>
  <testcase classname="com.skitech.testCases.ManagQLateralStudProfTestCases" name="TC_MQLSP_111_Verify_submit_button_in_preview_tab_if_leaving_mandatory_field_or_document_or_any_section" time="28.744"/>
  <system-out/>
  <testcase classname="com.skitech.testCases.ManagQLateralStudProfTestCases" name="TC_MQLSP_112_Verify_submit_button_in_preview_tab" time="36.595"/>
  <system-out/>
</testsuite> <!-- com.skitech.testCases.ManagQLateralStudProfTestCases -->
