<?xml version="1.0" encoding="UTF-8"?>
<!-- Generated by org.testng.reporters.JUnitReportReporter -->
<testsuite hostname="DESKTOP-PH7EFI9" failures="0" tests="3" name="com.skitech.testCases.LoginTestCase" time="14.137" errors="0" timestamp="2025-06-04T13:17:44 IST" skipped="0">
  <testcase classname="com.skitech.testCases.LoginTestCase" name="TC_Login_005_Verify_Login_with_correct_OTP_within_expiry_time" time="7.624"/>
  <testcase classname="com.skitech.testCases.LoginTestCase" name="TC002_Verify_Admission_Officer" time="0.165"/>
  <testcase classname="com.skitech.testCases.LoginTestCase" name="TC003_Verify_Enquiry_Form" time="6.348"/>
</testsuite> <!-- com.skitech.testCases.LoginTestCase -->
