<?xml version="1.0" encoding="UTF-8"?>
<!-- Generated by org.testng.reporters.JUnitReportReporter -->
<testsuite hostname="DESKTOP-PH7EFI9" failures="0" tests="8" name="com.skitech.testCases.AdmissionOfficerTestCase" time="37.937" errors="0" timestamp="2025-06-20T16:56:53 IST" skipped="0">
  <testcase classname="com.skitech.testCases.AdmissionOfficerTestCase" name="TC_AO_013_Verify_OTP_for_valid_email" time="9.501"/>
  <testcase classname="com.skitech.testCases.AdmissionOfficerTestCase" name="TC_AO_021_Verify_AO_Screen_Menus" time="2.210"/>
  <testcase classname="com.skitech.testCases.AdmissionOfficerTestCase" name="TC_AO_025_Verify_student_details_screen_after_clicking_on_search_results" time="14.988"/>
  <testcase classname="com.skitech.testCases.AdmissionOfficerTestCase" name="TC_AO_029_Verify_Academic_History_tab" time="2.195"/>
  <testcase classname="com.skitech.testCases.AdmissionOfficerTestCase" name="TC_AO_030_Verify_Family_Details_tab" time="2.263"/>
  <testcase classname="com.skitech.testCases.AdmissionOfficerTestCase" name="TC_AO_031_Verify_Address_Details_tab" time="2.217"/>
  <testcase classname="com.skitech.testCases.AdmissionOfficerTestCase" name="TC_AO_032_Verify_Admission_Details_tab" time="2.162"/>
  <testcase classname="com.skitech.testCases.AdmissionOfficerTestCase" name="TC_AO_033_Verify_Documents_tab" time="2.401"/>
</testsuite> <!-- com.skitech.testCases.AdmissionOfficerTestCase -->
