<?xml version="1.0" encoding="UTF-8"?>
<!-- Generated by org.testng.reporters.JUnitReportReporter -->
<testsuite hostname="DESKTOP-PH7EFI9" failures="0" tests="77" name="com.skitech.testCases.GovtQLateralStudProfTestCases" time="1170.985" errors="1" timestamp="2025-08-13T15:56:18 IST" skipped="0">
  <testcase classname="com.skitech.testCases.GovtQLateralStudProfTestCases" name="TC_GQLSP_011_Verify_sending_6_digit_code_with_valid_email" time="35.079"/>
  <system-out/>
  <testcase classname="com.skitech.testCases.GovtQLateralStudProfTestCases" name="TC_GQLSP_012_Verify_sending_6_digit_code_fails_if_email_is_not_recognized" time="6.476"/>
  <system-out/>
  <testcase classname="com.skitech.testCases.GovtQLateralStudProfTestCases" name="TC_GQLSP_013_Verify_student_profile_signin_with_invalid_OTP" time="10.819"/>
  <system-out/>
  <testcase classname="com.skitech.testCases.GovtQLateralStudProfTestCases" name="TC_GQLSP_014_Verify_student_profile_account_signin_with_expired_OTP" time="73.499"/>
  <system-out/>
  <testcase classname="com.skitech.testCases.GovtQLateralStudProfTestCases" name="TC_GQLSP_015_Verify_Resend_Code_in_sign_in_screen" time="8.280"/>
  <system-out/>
  <testcase classname="com.skitech.testCases.GovtQLateralStudProfTestCases" name="TC_GQLSP_016_Verify_Go_back_in_sign_in_screen" time="10.445"/>
  <system-out/>
  <testcase classname="com.skitech.testCases.GovtQLateralStudProfTestCases" name="TC_GQLSP_017_Verify_student_profile_account_signin_with_valid_OTP" time="10.426"/>
  <system-out/>
  <testcase classname="com.skitech.testCases.GovtQLateralStudProfTestCases" name="TC_GQLSP_018_Verify_personal_details_tab" time="0.275"/>
  <system-out/>
  <testcase classname="com.skitech.testCases.GovtQLateralStudProfTestCases" name="TC_GQLSP_019_Verify_mandatory_alerts_in_add_personal_details_tab" time="6.119"/>
  <system-out/>
  <testcase classname="com.skitech.testCases.GovtQLateralStudProfTestCases" name="TC_GQLSP_020_Verify_add_personal_details" time="10.834"/>
  <system-out/>
  <testcase classname="com.skitech.testCases.GovtQLateralStudProfTestCases" name="TC_GQLSP_021_Verify_add_personal_details_with_invalid_data" time="4.603"/>
  <system-out/>
  <testcase classname="com.skitech.testCases.GovtQLateralStudProfTestCases" name="TC_GQLSP_025_Verify_upload_physically_challenged_and_income_certificate_with_invalid_file_types" time="6.055"/>
  <system-out/>
  <testcase classname="com.skitech.testCases.GovtQLateralStudProfTestCases" name="TC_GQLSP_027_Verify_upload_physically_challenged_income_certificate_with_file_size_more_than_5mb" time="5.891"/>
  <system-out/>
  <testcase classname="com.skitech.testCases.GovtQLateralStudProfTestCases" name="TC_GQLSP_028_Verify_personal_details_go_to_home_button" time="3.943"/>
  <system-out/>
  <testcase classname="com.skitech.testCases.GovtQLateralStudProfTestCases" name="TC_GQLSP_029_Verify_next_step_in_personal_details_tab" time="4.393"/>
  <system-out/>
  <testcase classname="com.skitech.testCases.GovtQLateralStudProfTestCases" name="TC_GQLSP_030_Verify_academic_details_tab" time="0.199"/>
  <system-out/>
  <testcase classname="com.skitech.testCases.GovtQLateralStudProfTestCases" name="TC_GQLSP_031_Verify_mandatory_alerts_in_add_academic_details_tab" time="4.867"/>
  <system-out/>
  <testcase classname="com.skitech.testCases.GovtQLateralStudProfTestCases" name="TC_GQLSP_032_Verify_add_academic_details_with_invalid_data" time="10.751"/>
  <system-out/>
  <testcase classname="com.skitech.testCases.GovtQLateralStudProfTestCases" name="TC_GQLSP_033_Verify_add_academic_details_with_10th_HSC1_Diploma" time="96.918"/>
  <system-out/>
  <testcase classname="com.skitech.testCases.GovtQLateralStudProfTestCases" name="TC_GQLSP_034_Verify_add_academic_details_with_10th_HSC1_HSC2_Diploma" time="33.235"/>
  <system-out/>
  <testcase classname="com.skitech.testCases.GovtQLateralStudProfTestCases" name="TC_GQLSP_035_Verify_add_academic_details_with_10th_Diploma" time="6.700"/>
  <system-out/>
  <testcase classname="com.skitech.testCases.GovtQLateralStudProfTestCases" name="TC_GQLSP_036_Verify_add_academic_details_with_Diploma_Course_Type_Lateral" time="27.997"/>
  <system-out/>
  <testcase classname="com.skitech.testCases.GovtQLateralStudProfTestCases" name="TC_GQLSP_037_Verify_add_academic_details_with_diploma_course_type_sandwich_7_semesters" time="34.863"/>
  <system-out/>
  <testcase classname="com.skitech.testCases.GovtQLateralStudProfTestCases" name="TC_GQLSP_038_Verify_add_academic_details_with_diploma_course_type_sandwich_8_semesters" time="37.745"/>
  <system-out/>
  <testcase classname="com.skitech.testCases.GovtQLateralStudProfTestCases" name="TC_GQLSP_039_Verify_add_academic_details_with_diploma_course_type_sandwich_lateral_7_semesters" time="31.569"/>
  <system-out/>
  <testcase classname="com.skitech.testCases.GovtQLateralStudProfTestCases" name="TC_GQLSP_040_Verify_add_academic_details_with_diploma_course_type_sandwich_lateral_8_semesters" time="32.982"/>
  <system-out/>
  <testcase classname="com.skitech.testCases.GovtQLateralStudProfTestCases" name="TC_GQLSP_041_Add_academic_details_by_uploading_invalid_file_types" time="53.677"/>
  <system-out/>
  <testcase classname="com.skitech.testCases.GovtQLateralStudProfTestCases" name="TC_GQLSP_042_Verify_Upload_mark_sheet_document_more_than_5_mb" time="3.250"/>
  <system-out/>
  <testcase classname="com.skitech.testCases.GovtQLateralStudProfTestCases" name="TC_GQLSP_043_Verify_academic_details_Go_to_Home" time="3.901"/>
  <system-out/>
  <testcase classname="com.skitech.testCases.GovtQLateralStudProfTestCases" name="TC_GQLSP_045_Verify_family_details_tab" time="2.365"/>
  <system-out/>
  <testcase classname="com.skitech.testCases.GovtQLateralStudProfTestCases" name="TC_GQLSP_046_Verify_mandatory_field_alert_in_add_family_details_tab" time="11.490"/>
  <system-out/>
  <testcase classname="com.skitech.testCases.GovtQLateralStudProfTestCases" name="TC_GQLSP_047_Verify_add_family_details_with_invalid_data" time="20.652"/>
  <system-out/>
  <testcase classname="com.skitech.testCases.GovtQLateralStudProfTestCases" name="TC_GQLSP_048_Verify_add_family_details_with_family_type_as_with_parents" time="33.104"/>
  <system-out/>
  <testcase classname="com.skitech.testCases.GovtQLateralStudProfTestCases" name="TC_GQLSP_049_Verify_add_family_details_with_family_type_as_single_parent_with_mother" time="8.584"/>
  <system-out/>
  <testcase classname="com.skitech.testCases.GovtQLateralStudProfTestCases" name="TC_GQLSP_050_Verify_add_family_details_with_family_type_as_single_parent_with_father" time="8.616"/>
  <system-out/>
  <testcase classname="com.skitech.testCases.GovtQLateralStudProfTestCases" name="TC_GQLSP_051_Verify_add_family_details_with_family_type_as_with_guardian" time="17.490"/>
  <system-out/>
  <testcase classname="com.skitech.testCases.GovtQLateralStudProfTestCases" name="TC_GQLSP_056_Verify_mandatory_fields_in_siblings" time="13.361"/>
  <system-out/>
  <testcase classname="com.skitech.testCases.GovtQLateralStudProfTestCases" name="TC_GQLSP_057_Verify_add_sibling_with_invalid_data" time="9.144"/>
  <system-out/>
  <testcase classname="com.skitech.testCases.GovtQLateralStudProfTestCases" name="TC_GQLSP_058_Verify_add_sibling_with_valid_data" time="21.600"/>
  <system-out/>
  <testcase classname="com.skitech.testCases.GovtQLateralStudProfTestCases" name="TC_GQLSP_059_Verify_add_another_sibling" time="33.237"/>
  <system-out/>
  <testcase classname="com.skitech.testCases.GovtQLateralStudProfTestCases" name="TC_GQLSP_061_Verify_update_siblings" time="24.648"/>
  <system-out/>
  <testcase classname="com.skitech.testCases.GovtQLateralStudProfTestCases" name="TC_GQLSP_062_Verify_remove_siblings" time="8.488"/>
  <system-out/>
  <testcase classname="com.skitech.testCases.GovtQLateralStudProfTestCases" name="TC_GQLSP_064_Verify_Go_To_Home_Button_in_family_details" time="6.407"/>
  <system-out/>
  <testcase classname="com.skitech.testCases.GovtQLateralStudProfTestCases" name="TC_GQLSP_065_Verify_address_details_tab" time="2.409"/>
  <system-out/>
  <testcase classname="com.skitech.testCases.GovtQLateralStudProfTestCases" name="TC_GQLSP_066_Verify_mandatory_fields_in_address_details_tab" time="4.555"/>
  <system-out/>
  <testcase classname="com.skitech.testCases.GovtQLateralStudProfTestCases" name="TC_GQLSP_067_Verify_add_address_details_with_invalid_data" time="8.054"/>
  <system-out/>
  <testcase classname="com.skitech.testCases.GovtQLateralStudProfTestCases" name="TC_GQLSP_068_Verify_add_address_details_tab" time="18.652"/>
  <system-out/>
  <testcase classname="com.skitech.testCases.GovtQLateralStudProfTestCases" name="TC_GQLSP_069_Verify_Communication_address_is_same_as_permanent_address" time="8.519"/>
  <system-out/>
  <testcase classname="com.skitech.testCases.GovtQLateralStudProfTestCases" name="TC_GQLSP_070_Verify_go_to_home_in_address_details" time="6.287"/>
  <system-out/>
  <testcase classname="com.skitech.testCases.GovtQLateralStudProfTestCases" name="TC_GQLSP_072_Verify_Admission_Details_tab" time="2.449"/>
  <system-out/>
  <testcase classname="com.skitech.testCases.GovtQLateralStudProfTestCases" name="TC_GQLSP_073_Verify_admission_details_tab_mandatory_fields" time="3.291"/>
  <system-out/>
  <testcase classname="com.skitech.testCases.GovtQLateralStudProfTestCases" name="TC_GQLSP_074_Verify_add_admission_details_with_invalid_data" time="3.333"/>
  <system-out/>
  <testcase classname="com.skitech.testCases.GovtQLateralStudProfTestCases" name="TC_GQLSP_075_Verify_add_admission_details_with_valid_data" time="4.426"/>
  <system-out/>
  <testcase classname="com.skitech.testCases.GovtQLateralStudProfTestCases" name="TC_GQLSP_076_Verify_add_admission_details_with_dayscholar_college_transport" time="9.829"/>
  <system-out/>
  <testcase classname="com.skitech.testCases.GovtQLateralStudProfTestCases" name="TC_GQLSP_077_Verify_add_admission_details_with_dayscholar_for_personal_transport_for_two_wheeler" time="8.914"/>
  <system-out/>
  <testcase classname="com.skitech.testCases.GovtQLateralStudProfTestCases" name="TC_GQLSP_078_Verify_add_admission_details_with_dayscholar_for_personal_transport_for_four_wheeler" time="7.680"/>
  <system-out/>
  <testcase classname="com.skitech.testCases.GovtQLateralStudProfTestCases" name="TC_GQLSP_079_Verify_add_admission_details_with_dayscholar_for_personal_transport_for_Pickup_and_Drop_by_Parents" time="7.359"/>
  <system-out/>
  <testcase classname="com.skitech.testCases.GovtQLateralStudProfTestCases" name="TC_GQLSP_080_Verify_add_admission_details_with_dayscholar_public_transport" time="7.390"/>
  <system-out/>
  <testcase classname="com.skitech.testCases.GovtQLateralStudProfTestCases" name="TC_GQLSP_081_Verify_upload_RC_and_License_for_two_wheeler_with_valid_file" time="12.917"/>
  <system-out/>
  <testcase classname="com.skitech.testCases.GovtQLateralStudProfTestCases" name="TC_GQLSP_082_Verify_upload_RC_and_License_for_two_wheeler_with_invalid_file" time="7.498"/>
  <system-out/>
  <testcase classname="com.skitech.testCases.GovtQLateralStudProfTestCases" name="TC_GQLSP_083_Verify_upload_RC_and_License_for_two_wheeler_with_more_than_5_mb" time="4.321"/>
  <system-out/>
  <testcase classname="com.skitech.testCases.GovtQLateralStudProfTestCases" name="TC_GQLSP_084_Verify_upload_RC_and_License_for_four_wheeler_with_valid_file" time="8.596">
    <error message="no such element: Unable to locate element: {&quot;method&quot;:&quot;xpath&quot;,&quot;selector&quot;:&quot;//div[@id=&#039;success-toast&#039;]&quot;}
  (Session info: chrome=138.0.7204.184)
For documentation on this error, please visit: https://www.seleniumhq.org/exceptions/no_such_element.html
Build info: version: &#039;3.141.59&#039;, revision: &#039;e82be7d358&#039;, time: &#039;2018-11-14T08:17:03&#039;
System info: host: &#039;DESKTOP-PH7EFI9&#039;, ip: &#039;172.21.1.193&#039;, os.name: &#039;Windows 11&#039;, os.arch: &#039;amd64&#039;, os.version: &#039;10.0&#039;, java.version: &#039;21.0.3&#039;
Driver info: org.openqa.selenium.chrome.ChromeDriver
Capabilities {acceptInsecureCerts: false, browserName: chrome, browserVersion: 138.0.7204.184, chrome: {chromedriverVersion: 138.0.7204.183 (e90faf484dd..., userDataDir: C:\Users\DineshM\AppData\Lo...}, fedcm:accounts: true, goog:chromeOptions: {debuggerAddress: localhost:55964}, javascriptEnabled: true, networkConnectionEnabled: false, pageLoadStrategy: normal, platform: WINDOWS, platformName: WINDOWS, proxy: Proxy(), setWindowRect: true, strictFileInteractability: false, timeouts: {implicit: 0, pageLoad: 300000, script: 30000}, unhandledPromptBehavior: dismiss and notify, webauthn:extension:credBlob: true, webauthn:extension:largeBlob: true, webauthn:extension:minPinLength: true, webauthn:extension:prf: true, webauthn:virtualAuthenticators: true}
Session ID: 7e8969756d56ea71364dc46cfdfde32f
*** Element info: {Using=xpath, value=//div[@id=&#039;success-toast&#039;]}" type="org.openqa.selenium.NoSuchElementException">
      <![CDATA[org.openqa.selenium.NoSuchElementException: no such element: Unable to locate element: {"method":"xpath","selector":"//div[@id='success-toast']"}
  (Session info: chrome=138.0.7204.184)
For documentation on this error, please visit: https://www.seleniumhq.org/exceptions/no_such_element.html
Build info: version: '3.141.59', revision: 'e82be7d358', time: '2018-11-14T08:17:03'
System info: host: 'DESKTOP-PH7EFI9', ip: '172.21.1.193', os.name: 'Windows 11', os.arch: 'amd64', os.version: '10.0', java.version: '21.0.3'
Driver info: org.openqa.selenium.chrome.ChromeDriver
Capabilities {acceptInsecureCerts: false, browserName: chrome, browserVersion: 138.0.7204.184, chrome: {chromedriverVersion: 138.0.7204.183 (e90faf484dd..., userDataDir: C:\Users\DineshM\AppData\Lo...}, fedcm:accounts: true, goog:chromeOptions: {debuggerAddress: localhost:55964}, javascriptEnabled: true, networkConnectionEnabled: false, pageLoadStrategy: normal, platform: WINDOWS, platformName: WINDOWS, proxy: Proxy(), setWindowRect: true, strictFileInteractability: false, timeouts: {implicit: 0, pageLoad: 300000, script: 30000}, unhandledPromptBehavior: dismiss and notify, webauthn:extension:credBlob: true, webauthn:extension:largeBlob: true, webauthn:extension:minPinLength: true, webauthn:extension:prf: true, webauthn:virtualAuthenticators: true}
Session ID: 7e8969756d56ea71364dc46cfdfde32f
*** Element info: {Using=xpath, value=//div[@id='success-toast']}
at java.base/jdk.internal.reflect.DirectConstructorHandleAccessor.newInstance(DirectConstructorHandleAccessor.java:62)
at java.base/java.lang.reflect.Constructor.newInstanceWithCaller(Constructor.java:502)
at java.base/java.lang.reflect.Constructor.newInstance(Constructor.java:486)
at org.openqa.selenium.remote.http.W3CHttpResponseCodec.createException(W3CHttpResponseCodec.java:187)
at org.openqa.selenium.remote.http.W3CHttpResponseCodec.decode(W3CHttpResponseCodec.java:122)
at org.openqa.selenium.remote.http.W3CHttpResponseCodec.decode(W3CHttpResponseCodec.java:49)
at org.openqa.selenium.remote.HttpCommandExecutor.execute(HttpCommandExecutor.java:158)
at org.openqa.selenium.remote.service.DriverCommandExecutor.execute(DriverCommandExecutor.java:83)
at org.openqa.selenium.remote.RemoteWebDriver.execute(RemoteWebDriver.java:552)
at org.openqa.selenium.remote.RemoteWebDriver.findElement(RemoteWebDriver.java:323)
at org.openqa.selenium.remote.RemoteWebDriver.findElementByXPath(RemoteWebDriver.java:428)
at org.openqa.selenium.By$ByXPath.findElement(By.java:353)
at org.openqa.selenium.remote.RemoteWebDriver.findElement(RemoteWebDriver.java:315)
at org.openqa.selenium.support.pagefactory.DefaultElementLocator.findElement(DefaultElementLocator.java:69)
at org.openqa.selenium.support.pagefactory.internal.LocatingElementHandler.invoke(LocatingElementHandler.java:38)
at jdk.proxy2/jdk.proxy2.$Proxy12.getText(Unknown Source)
at com.skitech.pageObjectsRepo.StudentsProfilePOM.getSuccessToasterAlert(StudentsProfilePOM.java:1228)
at com.skitech.testCases.GovtQLateralStudProfTestCases.TC_GQLSP_084_Verify_upload_RC_and_License_for_four_wheeler_with_valid_file(GovtQLateralStudProfTestCases.java:1552)
at java.base/jdk.internal.reflect.DirectMethodHandleAccessor.invoke(DirectMethodHandleAccessor.java:103)
at java.base/java.lang.reflect.Method.invoke(Method.java:580)
at org.testng.internal.MethodInvocationHelper.invokeMethod(MethodInvocationHelper.java:132)
at org.testng.internal.TestInvoker.invokeMethod(TestInvoker.java:599)
at org.testng.internal.TestInvoker.invokeTestMethod(TestInvoker.java:174)
at org.testng.internal.MethodRunner.runInSequence(MethodRunner.java:46)
at org.testng.internal.TestInvoker$MethodInvocationAgent.invoke(TestInvoker.java:822)
at org.testng.internal.TestInvoker.invokeTestMethods(TestInvoker.java:147)
at org.testng.internal.TestMethodWorker.invokeTestMethods(TestMethodWorker.java:146)
at org.testng.internal.TestMethodWorker.run(TestMethodWorker.java:128)
at java.base/java.util.ArrayList.forEach(ArrayList.java:1596)
at org.testng.TestRunner.privateRun(TestRunner.java:764)
at org.testng.TestRunner.run(TestRunner.java:585)
at org.testng.SuiteRunner.runTest(SuiteRunner.java:384)
at org.testng.SuiteRunner.runSequentially(SuiteRunner.java:378)
at org.testng.SuiteRunner.privateRun(SuiteRunner.java:337)
at org.testng.SuiteRunner.run(SuiteRunner.java:286)
at org.testng.SuiteRunnerWorker.runSuite(SuiteRunnerWorker.java:53)
at org.testng.SuiteRunnerWorker.run(SuiteRunnerWorker.java:96)
at org.testng.TestNG.runSuitesSequentially(TestNG.java:1218)
at org.testng.TestNG.runSuitesLocally(TestNG.java:1140)
at org.testng.TestNG.runSuites(TestNG.java:1069)
at org.testng.TestNG.run(TestNG.java:1037)
at org.testng.remote.AbstractRemoteTestNG.run(AbstractRemoteTestNG.java:115)
at org.testng.remote.RemoteTestNG.initAndRun(RemoteTestNG.java:293)
at org.testng.remote.RemoteTestNG.main(RemoteTestNG.java:91)
]]>
    </error>
  </testcase> <!-- TC_GQLSP_084_Verify_upload_RC_and_License_for_four_wheeler_with_valid_file -->
  <system-out/>
  <testcase classname="com.skitech.testCases.GovtQLateralStudProfTestCases" name="TC_GQLSP_085_Verify_upload_RC_and_License_for_four_wheeler_with_invalid_file" time="7.423"/>
  <system-out/>
  <testcase classname="com.skitech.testCases.GovtQLateralStudProfTestCases" name="TC_GQLSP_086_Verify_upload_RC_and_License_for_four_wheeler_with_more_than_5_mb" time="4.407"/>
  <system-out/>
  <testcase classname="com.skitech.testCases.GovtQLateralStudProfTestCases" name="TC_GQLSP_087_Verify_add_admission_details_with_go_to_Home" time="3.963"/>
  <system-out/>
  <testcase classname="com.skitech.testCases.GovtQLateralStudProfTestCases" name="TC_GQLSP_089_Verify_Documents_details_tab" time="2.431"/>
  <system-out/>
  <testcase classname="com.skitech.testCases.GovtQLateralStudProfTestCases" name="TC_GQLSP_092_Verify_mandatory_alerts_in_document_details_tab" time="2.446"/>
  <system-out/>
  <testcase classname="com.skitech.testCases.GovtQLateralStudProfTestCases" name="TC_GQLSP_094_Verify_Upload_columns_by_uploading_invalid_file_type_for_all_documents_sections" time="18.983"/>
  <system-out/>
  <testcase classname="com.skitech.testCases.GovtQLateralStudProfTestCases" name="TC_GQLSP_095_Verify_Upload_columns_by_uploading_more_than_5mb" time="20.030"/>
  <system-out/>
  <testcase classname="com.skitech.testCases.GovtQLateralStudProfTestCases" name="TC_GQLSP_096_Verify_Upload_valid_file_in_all_document_sections_in_document_tab" time="20.213"/>
  <system-out/>
  <testcase classname="com.skitech.testCases.GovtQLateralStudProfTestCases" name="TC_GQLSP_097_Verify_view_all_document_sections_in_document_tab" time="38.948"/>
  <system-out/>
  <testcase classname="com.skitech.testCases.GovtQLateralStudProfTestCases" name="TC_GQLSP_098_Verify_remove_documents_in_document_tab" time="19.383"/>
  <system-out/>
  <testcase classname="com.skitech.testCases.GovtQLateralStudProfTestCases" name="TC_GQLSP_099_Verify_previous_step_in_documents_tab" time="4.290"/>
  <system-out/>
  <testcase classname="com.skitech.testCases.GovtQLateralStudProfTestCases" name="TC_GQLSP_0100_Verify_go_to_home_in_documents_tab" time="25.357"/>
  <system-out/>
  <testcase classname="com.skitech.testCases.GovtQLateralStudProfTestCases" name="TC_GQLSP_101_Verify_preview_tab_sections" time="4.873"/>
  <system-out/>
  <testcase classname="com.skitech.testCases.GovtQLateralStudProfTestCases" name="TC_GQLSP_108_Verify_submit_button_in_preview_tab_if_leaving_mandatory_field_or_document_or_any_section" time="29.266"/>
  <system-out/>
  <testcase classname="com.skitech.testCases.GovtQLateralStudProfTestCases" name="TC_GQLSP_109_Verify_submit_button_in_preview_tab" time="37.516"/>
  <system-out/>
</testsuite> <!-- com.skitech.testCases.GovtQLateralStudProfTestCases -->
