<?xml version="1.0" encoding="UTF-8"?>
<!-- Generated by org.testng.reporters.JUnitReportReporter -->
<testsuite hostname="DESKTOP-PH7EFI9" failures="0" tests="73" name="com.skitech.testCases.ManagQStudentProfileTestCases" time="867.535" errors="0" timestamp="2025-08-19T16:13:35 IST" skipped="0">
  <testcase classname="com.skitech.testCases.ManagQStudentProfileTestCases" name="TC_MQSP_011_Verify_sending_6_digit_code_with_valid_email" time="35.942"/>
  <system-out/>
  <testcase classname="com.skitech.testCases.ManagQStudentProfileTestCases" name="TC_MQSP_012_Verify_sending_6_digit_code_fails_if_email_is_not_recognized" time="6.507"/>
  <system-out/>
  <testcase classname="com.skitech.testCases.ManagQStudentProfileTestCases" name="TC_MQSP_013_Verify_student_profile_signin_with_invalid_OTP" time="10.767"/>
  <system-out/>
  <testcase classname="com.skitech.testCases.ManagQStudentProfileTestCases" name="TC_MQSP_014_Verify_student_profile_account_signin_with_expired_OTP" time="73.572"/>
  <system-out/>
  <testcase classname="com.skitech.testCases.ManagQStudentProfileTestCases" name="TC_MQSP_015_Verify_Resend_Code_in_sign_in_screen" time="8.265"/>
  <system-out/>
  <testcase classname="com.skitech.testCases.ManagQStudentProfileTestCases" name="TC_MQSP_016_Verify_Go_back_in_sign_in_screen" time="10.431"/>
  <system-out/>
  <testcase classname="com.skitech.testCases.ManagQStudentProfileTestCases" name="TC_MQSP_017_Verify_student_profile_account_signin_with_valid_OTP" time="10.406"/>
  <system-out/>
  <testcase classname="com.skitech.testCases.ManagQStudentProfileTestCases" name="TC_MQSP_018_Verify_personal_details_tab" time="0.149"/>
  <system-out/>
  <testcase classname="com.skitech.testCases.ManagQStudentProfileTestCases" name="TC_MQSP_019_Verify_mandatory_alerts_in_add_personal_details_tab" time="5.671"/>
  <system-out/>
  <testcase classname="com.skitech.testCases.ManagQStudentProfileTestCases" name="TC_MQSP_020_Verify_add_personal_details" time="11.685"/>
  <system-out/>
  <testcase classname="com.skitech.testCases.ManagQStudentProfileTestCases" name="TC_MQSP_021_Verify_add_personal_details_with_invalid_data" time="3.826"/>
  <system-out/>
  <testcase classname="com.skitech.testCases.ManagQStudentProfileTestCases" name="TC_MQSP_025_Verify_upload_physically_challenged_and_income_certificate_with_invalid_file_types" time="5.723"/>
  <system-out/>
  <testcase classname="com.skitech.testCases.ManagQStudentProfileTestCases" name="TC_MQSP_027_Verify_upload_physically_challenged_income_certificate_with_file_size_more_than_5mb" time="5.585"/>
  <system-out/>
  <testcase classname="com.skitech.testCases.ManagQStudentProfileTestCases" name="TC_MQSP_028_Verify_personal_details_go_to_home_button" time="3.798"/>
  <system-out/>
  <testcase classname="com.skitech.testCases.ManagQStudentProfileTestCases" name="TC_MQSP_029_Verify_next_step_in_personal_details_tab" time="4.242"/>
  <system-out/>
  <testcase classname="com.skitech.testCases.ManagQStudentProfileTestCases" name="TC_MQSP_030_Verify_academic_details_tab" time="0.140"/>
  <system-out/>
  <testcase classname="com.skitech.testCases.ManagQStudentProfileTestCases" name="TC_MQSP_031_Verify_mandatory_alerts_in_add_academic_details_tab" time="3.944"/>
  <system-out/>
  <testcase classname="com.skitech.testCases.ManagQStudentProfileTestCases" name="TC_MQSP_032_Verify_add_academic_details_with_invalid_data" time="7.430"/>
  <system-out/>
  <testcase classname="com.skitech.testCases.ManagQStudentProfileTestCases" name="TC_MQSP_033_Verify_add_academic_details" time="61.065"/>
  <system-out/>
  <testcase classname="com.skitech.testCases.ManagQStudentProfileTestCases" name="TC_MQSP_034_Verify_add_academic_details_by_uploading_invalid_file_types" time="5.985"/>
  <system-out/>
  <testcase classname="com.skitech.testCases.ManagQStudentProfileTestCases" name="TC_MQSP_035_Verify_Upload_mark_sheet_document_more_than_5_mb_academic_DetailsTab" time="2.870"/>
  <system-out/>
  <testcase classname="com.skitech.testCases.ManagQStudentProfileTestCases" name="TC_MQSP_036_Verify_academic_details_Go_to_Home" time="3.878"/>
  <system-out/>
  <testcase classname="com.skitech.testCases.ManagQStudentProfileTestCases" name="TC_MQSP_038_Verify_family_details_tab" time="2.320"/>
  <system-out/>
  <testcase classname="com.skitech.testCases.ManagQStudentProfileTestCases" name="TC_MQSP_039_Verify_mandatory_field_alert_in_add_family_details_tab" time="11.127"/>
  <system-out/>
  <testcase classname="com.skitech.testCases.ManagQStudentProfileTestCases" name="TC_MQSP_040_Verify_add_family_details_with_invalid_data" time="20.320"/>
  <system-out/>
  <testcase classname="com.skitech.testCases.ManagQStudentProfileTestCases" name="TC_MQSP_041_Verify_add_family_details_with_family_type_as_with_parents" time="32.419"/>
  <system-out/>
  <testcase classname="com.skitech.testCases.ManagQStudentProfileTestCases" name="TC_MQSP_043_Verify_add_family_details_with_family_type_as_single_parent_with_father" time="8.517"/>
  <system-out/>
  <testcase classname="com.skitech.testCases.ManagQStudentProfileTestCases" name="TC_MQSP_042_Verify_add_family_details_with_family_type_as_single_parent_with_mother" time="8.513"/>
  <system-out/>
  <testcase classname="com.skitech.testCases.ManagQStudentProfileTestCases" name="TC_MQSP_044_Verify_add_family_details_with_family_type_as_with_guardian" time="17.033"/>
  <system-out/>
  <testcase classname="com.skitech.testCases.ManagQStudentProfileTestCases" name="TC_MQSP_049_Verify_mandatory_fields_in_siblings" time="13.138"/>
  <system-out/>
  <testcase classname="com.skitech.testCases.ManagQStudentProfileTestCases" name="TC_MQSP_050_Verify_add_sibling_with_invalid_data" time="8.588"/>
  <system-out/>
  <testcase classname="com.skitech.testCases.ManagQStudentProfileTestCases" name="TC_MQSP_051_Verify_add_sibling_with_valid_data" time="21.538"/>
  <system-out/>
  <testcase classname="com.skitech.testCases.ManagQStudentProfileTestCases" name="TC_MQSP_052_Verify_add_another_sibling" time="33.016"/>
  <system-out/>
  <testcase classname="com.skitech.testCases.ManagQStudentProfileTestCases" name="TC_MQSP_054_Verify_update_siblings" time="24.270"/>
  <system-out/>
  <testcase classname="com.skitech.testCases.ManagQStudentProfileTestCases" name="TC_MQSP_055_Verify_remove_siblings" time="8.398"/>
  <system-out/>
  <testcase classname="com.skitech.testCases.ManagQStudentProfileTestCases" name="TC_MQSP_057_Verify_Go_To_Home_Button_in_family_details" time="6.290"/>
  <system-out/>
  <testcase classname="com.skitech.testCases.ManagQStudentProfileTestCases" name="TC_MQSP_058_Verify_address_details_tab" time="2.435"/>
  <system-out/>
  <testcase classname="com.skitech.testCases.ManagQStudentProfileTestCases" name="TC_MQSP_059_Verify_mandatory_fields_in_address_details_tab" time="4.480"/>
  <system-out/>
  <testcase classname="com.skitech.testCases.ManagQStudentProfileTestCases" name="TC_MQSP_060_Verify_address_details_with_invalid_data" time="7.939"/>
  <system-out/>
  <testcase classname="com.skitech.testCases.ManagQStudentProfileTestCases" name="TC_MQSP_061_Verify_add_address_details" time="19.232"/>
  <system-out/>
  <testcase classname="com.skitech.testCases.ManagQStudentProfileTestCases" name="TC_MQSP_062_Verify_Communication_address_is_same_as_permanent_address" time="8.483"/>
  <system-out/>
  <testcase classname="com.skitech.testCases.ManagQStudentProfileTestCases" name="TC_MQSP_063_Verify_go_to_home_in_address_details" time="6.378"/>
  <system-out/>
  <testcase classname="com.skitech.testCases.ManagQStudentProfileTestCases" name="TC_MQSP_065_Verify_Admission_Details_tab" time="2.372"/>
  <system-out/>
  <testcase classname="com.skitech.testCases.ManagQStudentProfileTestCases" name="TC_MQSP_066_Verify_admission_details_tab_mandatory_fields" time="3.230"/>
  <system-out/>
  <testcase classname="com.skitech.testCases.ManagQStudentProfileTestCases" name="TC_MQSP_067_Verify_add_admission_details_with_invalid_data" time="5.409"/>
  <system-out/>
  <testcase classname="com.skitech.testCases.ManagQStudentProfileTestCases" name="TC_MQSP_068_Verify_add_admission_details_with_valid_data" time="9.816"/>
  <system-out/>
  <testcase classname="com.skitech.testCases.ManagQStudentProfileTestCases" name="TC_MQSP_069_Verify_add_admission_details_with_dayscholar_college_transport" time="9.764"/>
  <system-out/>
  <testcase classname="com.skitech.testCases.ManagQStudentProfileTestCases" name="TC_MQSP_070_Verify_add_admission_details_with_dayscholar_for_personal_transport_for_two_wheeler" time="8.783"/>
  <system-out/>
  <testcase classname="com.skitech.testCases.ManagQStudentProfileTestCases" name="TC_MQSP_071_Verify_add_admission_details_with_dayscholar_for_personal_transport_for_four_wheeler" time="7.650"/>
  <system-out/>
  <testcase classname="com.skitech.testCases.ManagQStudentProfileTestCases" name="TC_MQSP_072_Verify_add_admission_details_with_dayscholar_for_personal_transport_for_Pickup_and_Drop_by_Parents" time="7.368"/>
  <system-out/>
  <testcase classname="com.skitech.testCases.ManagQStudentProfileTestCases" name="TC_MQSP_073_Verify_add_admission_details_with_dayscholar_for_public_transport" time="7.382"/>
  <system-out/>
  <testcase classname="com.skitech.testCases.ManagQStudentProfileTestCases" name="TC_MQSP_074_Verify_upload_consortium_application_with_invalid_file_type" time="4.313"/>
  <system-out/>
  <testcase classname="com.skitech.testCases.ManagQStudentProfileTestCases" name="TC_MQSP_075_Verify_upload_consortium_application_with_more_than_5mb_file" time="1.280"/>
  <system-out/>
  <testcase classname="com.skitech.testCases.ManagQStudentProfileTestCases" name="TC_MQSP_076_Verify_upload_consortium_application_with_valid_file_type" time="4.286"/>
  <system-out/>
  <testcase classname="com.skitech.testCases.ManagQStudentProfileTestCases" name="TC_MQSP_077_Verify_upload_RC_and_License_for_two_wheeler_with_valid_file" time="12.930"/>
  <system-out/>
  <testcase classname="com.skitech.testCases.ManagQStudentProfileTestCases" name="TC_MQSP_078_Verify_upload_RC_and_License_for_two_wheeler_with_invalid_file" time="7.501"/>
  <system-out/>
  <testcase classname="com.skitech.testCases.ManagQStudentProfileTestCases" name="TC_MQSP_079_Verify_upload_RC_and_License_for_two_wheeler_with_more_than_5_mb" time="4.345"/>
  <system-out/>
  <testcase classname="com.skitech.testCases.ManagQStudentProfileTestCases" name="TC_MQSP_080_Verify_upload_RC_and_License_for_four_wheeler_with_valid_file" time="8.705"/>
  <system-out/>
  <testcase classname="com.skitech.testCases.ManagQStudentProfileTestCases" name="TC_MQSP_081_Verify_upload_RC_and_License_for_four_wheeler_with_invalid_file" time="7.418"/>
  <system-out/>
  <testcase classname="com.skitech.testCases.ManagQStudentProfileTestCases" name="TC_MQSP_082_Verify_upload_RC_and_License_for_four_wheeler_with_more_than_5_mb" time="4.363"/>
  <system-out/>
  <testcase classname="com.skitech.testCases.ManagQStudentProfileTestCases" name="TC_MQSP_083_Verify_add_admission_details_with_go_to_Home" time="3.926"/>
  <system-out/>
  <testcase classname="com.skitech.testCases.ManagQStudentProfileTestCases" name="TC_MQSP_085_Verify_Documents_details_tab" time="2.439"/>
  <system-out/>
  <testcase classname="com.skitech.testCases.ManagQStudentProfileTestCases" name="TC_MQSP_088_Verify_mandatory_alerts_in_document_details_tab" time="2.260"/>
  <system-out/>
  <testcase classname="com.skitech.testCases.ManagQStudentProfileTestCases" name="TC_MQSP_090_Verify_Upload_columns_by_uploading_invalid_file_type_for_all_documents_sections" time="16.744"/>
  <system-out/>
  <testcase classname="com.skitech.testCases.ManagQStudentProfileTestCases" name="TC_MQSP_091_Verify_Upload_columns_by_uploading_more_than_5mb" time="17.794"/>
  <system-out/>
  <testcase classname="com.skitech.testCases.ManagQStudentProfileTestCases" name="TC_MQSP_092_Verify_Upload_valid_file_in_all_document_sections_in_document_tab" time="17.937"/>
  <system-out/>
  <testcase classname="com.skitech.testCases.ManagQStudentProfileTestCases" name="TC_MQSP_093_Verify_view_all_document_sections_in_document_tab" time="34.310"/>
  <system-out/>
  <testcase classname="com.skitech.testCases.ManagQStudentProfileTestCases" name="TC_MQSP_094_Verify_remove_documents_in_document_tab" time="17.156"/>
  <system-out/>
  <testcase classname="com.skitech.testCases.ManagQStudentProfileTestCases" name="TC_MQSP_095_Verify_previous_step_in_documents_tab" time="3.166"/>
  <system-out/>
  <testcase classname="com.skitech.testCases.ManagQStudentProfileTestCases" name="TC_MQSP_096_Verify_go_to_home_in_documents_tab" time="22.095"/>
  <system-out/>
  <testcase classname="com.skitech.testCases.ManagQStudentProfileTestCases" name="TC_MQSP_103_Verify_preview_tab_sections" time="4.730"/>
  <system-out/>
  <testcase classname="com.skitech.testCases.ManagQStudentProfileTestCases" name="TC_MQSP_104_Verify_submit_button_in_preview_tab_if_leaving_mandatory_field_or_document_or_any_section" time="26.824"/>
  <system-out/>
  <testcase classname="com.skitech.testCases.ManagQStudentProfileTestCases" name="TC_MQSP_105_Verify_submit_button_in_preview_tab" time="34.924"/>
  <system-out/>
</testsuite> <!-- com.skitech.testCases.ManagQStudentProfileTestCases -->
